This file contains any messages produced by compilers while
running configure, to aid debugging if configure makes a mistake.

It was created by gprof configure 2.34, which was
generated by GNU Autoconf 2.69.  Invocation command line was

  $ /Users/neilweidinger/Documents/University/HYPED/2020/crosscompiler/binutils-2.34/gprof/configure --srcdir=.././gprof --cache-file=./config.cache --with-gnu-as --with-gnu-ld --prefix=/Users/neilweidinger/Documents/University/HYPED/2020/crosscompiler/prebuilt --enable-ld=yes --enable-targets=arm-linux-gnueabihf --enable-multilib --enable-interwork --disable-werror --program-transform-name=s&^&arm-linux-gnueabihf-& --disable-option-checking --build=x86_64-apple-darwin18.7.0 --host=x86_64-apple-darwin18.7.0 --target=arm-linux-gnueabihf

## --------- ##
## Platform. ##
## --------- ##

hostname = Neils-MacBook-Pro.local
uname -m = x86_64
uname -r = 18.7.0
uname -s = Darwin
uname -v = Darwin Kernel Version 18.7.0: Tue Aug 20 16:57:14 PDT 2019; root:xnu-4903.271.2~2/RELEASE_X86_64

/usr/bin/uname -p = i386
/bin/uname -X     = unknown

/bin/arch              = unknown
/usr/bin/arch -k       = unknown
/usr/convex/getsysinfo = unknown
/usr/bin/hostinfo      = Mach kernel version:
	 Darwin Kernel Version 18.7.0: Tue Aug 20 16:57:14 PDT 2019; root:xnu-4903.271.2~2/RELEASE_X86_64
Kernel configured for up to 4 processors.
2 processors are physically available.
4 processors are logically available.
Processor type: x86_64h (Intel x86-64h Haswell)
Processors active: 0 1 2 3
Primary memory available: 8.00 gigabytes
Default processor set: 395 tasks, 2412 threads, 4 processors
Load average: 3.27, Mach factor: 1.14
/bin/machine           = unknown
/usr/bin/oslevel       = unknown
/bin/universe          = unknown

PATH: /Users/neilweidinger/.jenv/shims
PATH: /Users/neilweidinger/.jenv/shims
PATH: /usr/local/opt/gnu-sed/libexec/gnubin
PATH: /usr/local/bin
PATH: HOME/.jenv/bin
PATH: /usr/local/bin
PATH: /usr/bin
PATH: /bin
PATH: /usr/sbin
PATH: /sbin
PATH: /Library/TeX/texbin
PATH: /opt/X11/bin
PATH: /Applications/Wireshark.app/Contents/MacOS
PATH: /Users/neilweidinger/google-cloud-sdk/bin
PATH: /Users/neilweidinger/.jenv/shims
PATH: /usr/local/opt/gnu-sed/libexec/gnubin
PATH: HOME/.jenv/bin
PATH: /usr/local/nodejs/bin
PATH: /usr/local/sbin
PATH: /usr/local/bin
PATH: /usr/local/nodejs/bin
PATH: /usr/local/sbin


## ----------- ##
## Core tests. ##
## ----------- ##

configure:2162: creating cache ./config.cache
configure:2273: checking build system type
configure:2287: result: x86_64-apple-darwin18.7.0
configure:2307: checking host system type
configure:2320: result: x86_64-apple-darwin18.7.0
configure:2340: checking target system type
configure:2353: result: arm-unknown-linux-gnueabihf
configure:2390: checking for x86_64-apple-darwin18.7.0-gcc
configure:2417: result: gcc
configure:2686: checking for C compiler version
configure:2695: gcc --version >&5
Apple LLVM version 10.0.1 (clang-1001.0.46.4)
Target: x86_64-apple-darwin18.7.0
Thread model: posix
InstalledDir: /Library/Developer/CommandLineTools/usr/bin
Configured with: --prefix=/Library/Developer/CommandLineTools/usr --with-gxx-include-dir=/Library/Developer/CommandLineTools/SDKs/MacOSX10.14.sdk/usr/include/c++/4.2.1
configure:2706: $? = 0
configure:2695: gcc -v >&5
Configured with: --prefix=/Library/Developer/CommandLineTools/usr --with-gxx-include-dir=/Library/Developer/CommandLineTools/SDKs/MacOSX10.14.sdk/usr/include/c++/4.2.1
Apple LLVM version 10.0.1 (clang-1001.0.46.4)
Target: x86_64-apple-darwin18.7.0
Thread model: posix
InstalledDir: /Library/Developer/CommandLineTools/usr/bin
configure:2706: $? = 0
configure:2695: gcc -V >&5
clang: error: unsupported option '-V -Wno-atomic-implicit-seq-cst'
clang: error: no input files
configure:2706: $? = 1
configure:2695: gcc -qversion >&5
clang: error: unknown argument '-qversion', did you mean '--version'?
clang: error: no input files
configure:2706: $? = 1
configure:2726: checking whether the C compiler works
configure:2748: gcc -g -O2   -Wl,-no_pie  conftest.c  >&5
configure:2752: $? = 0
configure:2800: result: yes
configure:2803: checking for C compiler default output file name
configure:2805: result: a.out
configure:2811: checking for suffix of executables
configure:2818: gcc -o conftest -g -O2   -Wl,-no_pie  conftest.c  >&5
configure:2822: $? = 0
configure:2844: result: 
configure:2866: checking whether we are cross compiling
configure:2874: gcc -o conftest -g -O2   -Wl,-no_pie  conftest.c  >&5
configure:2878: $? = 0
configure:2885: ./conftest
configure:2889: $? = 0
configure:2904: result: no
configure:2909: checking for suffix of object files
configure:2931: gcc -c -g -O2  conftest.c >&5
configure:2935: $? = 0
configure:2956: result: o
configure:2960: checking whether we are using the GNU C compiler
configure:2979: gcc -c -g -O2  conftest.c >&5
configure:2979: $? = 0
configure:2988: result: yes
configure:2997: checking whether gcc accepts -g
configure:3017: gcc -c -g  conftest.c >&5
configure:3017: $? = 0
configure:3058: result: yes
configure:3075: checking for gcc option to accept ISO C89
configure:3138: gcc  -c -g -O2  conftest.c >&5
configure:3138: $? = 0
configure:3151: result: none needed
configure:3176: checking whether gcc understands -c and -o together
configure:3198: gcc -c conftest.c -o conftest2.o
configure:3201: $? = 0
configure:3198: gcc -c conftest.c -o conftest2.o
configure:3201: $? = 0
configure:3213: result: yes
configure:3231: checking for library containing strerror
configure:3262: gcc -o conftest -g -O2   -Wl,-no_pie  conftest.c  >&5
conftest.c:16:6: warning: incompatible redeclaration of library function 'strerror' [-Wincompatible-library-redeclaration]
char strerror ();
     ^
conftest.c:16:6: note: 'strerror' is a builtin with type 'char *(int)'
1 warning generated.
configure:3262: $? = 0
configure:3279: result: none required
configure:3304: checking for a BSD-compatible install
configure:3372: result: /usr/local/bin/ginstall -c
configure:3383: checking whether build environment is sane
configure:3438: result: yes
configure:3586: checking for a thread-safe mkdir -p
configure:3625: result: /usr/local/bin/gmkdir -p
configure:3632: checking for gawk
configure:3659: result: awk
configure:3670: checking whether /Library/Developer/CommandLineTools/usr/bin/make sets $(MAKE)
configure:3692: result: yes
configure:3722: checking for style of include used by /Library/Developer/CommandLineTools/usr/bin/make
configure:3750: result: GNU
configure:3784: checking whether /Library/Developer/CommandLineTools/usr/bin/make supports nested variables
configure:3801: result: yes
configure:3886: checking dependency style of gcc
configure:3997: result: gcc3
configure:4067: checking for x86_64-apple-darwin18.7.0-gcc
configure:4094: result: gcc
configure:4363: checking for C compiler version
configure:4372: gcc --version >&5
Apple LLVM version 10.0.1 (clang-1001.0.46.4)
Target: x86_64-apple-darwin18.7.0
Thread model: posix
InstalledDir: /Library/Developer/CommandLineTools/usr/bin
Configured with: --prefix=/Library/Developer/CommandLineTools/usr --with-gxx-include-dir=/Library/Developer/CommandLineTools/SDKs/MacOSX10.14.sdk/usr/include/c++/4.2.1
configure:4383: $? = 0
configure:4372: gcc -v >&5
Configured with: --prefix=/Library/Developer/CommandLineTools/usr --with-gxx-include-dir=/Library/Developer/CommandLineTools/SDKs/MacOSX10.14.sdk/usr/include/c++/4.2.1
Apple LLVM version 10.0.1 (clang-1001.0.46.4)
Target: x86_64-apple-darwin18.7.0
Thread model: posix
InstalledDir: /Library/Developer/CommandLineTools/usr/bin
configure:4383: $? = 0
configure:4372: gcc -V >&5
clang: error: unsupported option '-V -Wno-atomic-implicit-seq-cst'
clang: error: no input files
configure:4383: $? = 1
configure:4372: gcc -qversion >&5
clang: error: unknown argument '-qversion', did you mean '--version'?
clang: error: no input files
configure:4383: $? = 1
configure:4387: checking whether we are using the GNU C compiler
configure:4415: result: yes
configure:4424: checking whether gcc accepts -g
configure:4485: result: yes
configure:4502: checking for gcc option to accept ISO C89
configure:4578: result: none needed
configure:4603: checking whether gcc understands -c and -o together
configure:4640: result: yes
configure:4662: checking how to run the C preprocessor
configure:4693: gcc -E  conftest.c
configure:4693: $? = 0
configure:4707: gcc -E  conftest.c
conftest.c:11:10: fatal error: 'ac_nonexistent.h' file not found
#include <ac_nonexistent.h>
         ^~~~~~~~~~~~~~~~~~
1 error generated.
configure:4707: $? = 1
configure: failed program was:
| /* confdefs.h */
| #define PACKAGE_NAME "gprof"
| #define PACKAGE_TARNAME "gprof"
| #define PACKAGE_VERSION "2.34"
| #define PACKAGE_STRING "gprof 2.34"
| #define PACKAGE_BUGREPORT ""
| #define PACKAGE_URL ""
| #define PACKAGE "gprof"
| #define VERSION "2.34"
| /* end confdefs.h.  */
| #include <ac_nonexistent.h>
configure:4732: result: gcc -E
configure:4752: gcc -E  conftest.c
configure:4752: $? = 0
configure:4766: gcc -E  conftest.c
conftest.c:11:10: fatal error: 'ac_nonexistent.h' file not found
#include <ac_nonexistent.h>
         ^~~~~~~~~~~~~~~~~~
1 error generated.
configure:4766: $? = 1
configure: failed program was:
| /* confdefs.h */
| #define PACKAGE_NAME "gprof"
| #define PACKAGE_TARNAME "gprof"
| #define PACKAGE_VERSION "2.34"
| #define PACKAGE_STRING "gprof 2.34"
| #define PACKAGE_BUGREPORT ""
| #define PACKAGE_URL ""
| #define PACKAGE "gprof"
| #define VERSION "2.34"
| /* end confdefs.h.  */
| #include <ac_nonexistent.h>
configure:4795: checking for grep that handles long lines and -e
configure:4853: result: /usr/bin/grep
configure:4858: checking for egrep
configure:4920: result: /usr/bin/grep -E
configure:4925: checking for ANSI C header files
configure:4945: gcc -c -g -O2  conftest.c >&5
configure:4945: $? = 0
configure:5018: gcc -o conftest -g -O2   -Wl,-no_pie  conftest.c  >&5
configure:5018: $? = 0
configure:5018: ./conftest
configure:5018: $? = 0
configure:5029: result: yes
configure:5042: checking for sys/types.h
configure:5042: gcc -c -g -O2  conftest.c >&5
configure:5042: $? = 0
configure:5042: result: yes
configure:5042: checking for sys/stat.h
configure:5042: gcc -c -g -O2  conftest.c >&5
configure:5042: $? = 0
configure:5042: result: yes
configure:5042: checking for stdlib.h
configure:5042: gcc -c -g -O2  conftest.c >&5
configure:5042: $? = 0
configure:5042: result: yes
configure:5042: checking for string.h
configure:5042: gcc -c -g -O2  conftest.c >&5
configure:5042: $? = 0
configure:5042: result: yes
configure:5042: checking for memory.h
configure:5042: gcc -c -g -O2  conftest.c >&5
configure:5042: $? = 0
configure:5042: result: yes
configure:5042: checking for strings.h
configure:5042: gcc -c -g -O2  conftest.c >&5
configure:5042: $? = 0
configure:5042: result: yes
configure:5042: checking for inttypes.h
configure:5042: gcc -c -g -O2  conftest.c >&5
configure:5042: $? = 0
configure:5042: result: yes
configure:5042: checking for stdint.h
configure:5042: gcc -c -g -O2  conftest.c >&5
configure:5042: $? = 0
configure:5042: result: yes
configure:5042: checking for unistd.h
configure:5042: gcc -c -g -O2  conftest.c >&5
configure:5042: $? = 0
configure:5042: result: yes
configure:5055: checking minix/config.h usability
configure:5055: gcc -c -g -O2  conftest.c >&5
conftest.c:54:10: fatal error: 'minix/config.h' file not found
#include <minix/config.h>
         ^~~~~~~~~~~~~~~~
1 error generated.
configure:5055: $? = 1
configure: failed program was:
| /* confdefs.h */
| #define PACKAGE_NAME "gprof"
| #define PACKAGE_TARNAME "gprof"
| #define PACKAGE_VERSION "2.34"
| #define PACKAGE_STRING "gprof 2.34"
| #define PACKAGE_BUGREPORT ""
| #define PACKAGE_URL ""
| #define PACKAGE "gprof"
| #define VERSION "2.34"
| #define STDC_HEADERS 1
| #define HAVE_SYS_TYPES_H 1
| #define HAVE_SYS_STAT_H 1
| #define HAVE_STDLIB_H 1
| #define HAVE_STRING_H 1
| #define HAVE_MEMORY_H 1
| #define HAVE_STRINGS_H 1
| #define HAVE_INTTYPES_H 1
| #define HAVE_STDINT_H 1
| #define HAVE_UNISTD_H 1
| /* end confdefs.h.  */
| #include <stdio.h>
| #ifdef HAVE_SYS_TYPES_H
| # include <sys/types.h>
| #endif
| #ifdef HAVE_SYS_STAT_H
| # include <sys/stat.h>
| #endif
| #ifdef STDC_HEADERS
| # include <stdlib.h>
| # include <stddef.h>
| #else
| # ifdef HAVE_STDLIB_H
| #  include <stdlib.h>
| # endif
| #endif
| #ifdef HAVE_STRING_H
| # if !defined STDC_HEADERS && defined HAVE_MEMORY_H
| #  include <memory.h>
| # endif
| # include <string.h>
| #endif
| #ifdef HAVE_STRINGS_H
| # include <strings.h>
| #endif
| #ifdef HAVE_INTTYPES_H
| # include <inttypes.h>
| #endif
| #ifdef HAVE_STDINT_H
| # include <stdint.h>
| #endif
| #ifdef HAVE_UNISTD_H
| # include <unistd.h>
| #endif
| #include <minix/config.h>
configure:5055: result: no
configure:5055: checking minix/config.h presence
configure:5055: gcc -E  conftest.c
conftest.c:21:10: fatal error: 'minix/config.h' file not found
#include <minix/config.h>
         ^~~~~~~~~~~~~~~~
1 error generated.
configure:5055: $? = 1
configure: failed program was:
| /* confdefs.h */
| #define PACKAGE_NAME "gprof"
| #define PACKAGE_TARNAME "gprof"
| #define PACKAGE_VERSION "2.34"
| #define PACKAGE_STRING "gprof 2.34"
| #define PACKAGE_BUGREPORT ""
| #define PACKAGE_URL ""
| #define PACKAGE "gprof"
| #define VERSION "2.34"
| #define STDC_HEADERS 1
| #define HAVE_SYS_TYPES_H 1
| #define HAVE_SYS_STAT_H 1
| #define HAVE_STDLIB_H 1
| #define HAVE_STRING_H 1
| #define HAVE_MEMORY_H 1
| #define HAVE_STRINGS_H 1
| #define HAVE_INTTYPES_H 1
| #define HAVE_STDINT_H 1
| #define HAVE_UNISTD_H 1
| /* end confdefs.h.  */
| #include <minix/config.h>
configure:5055: result: no
configure:5055: checking for minix/config.h
configure:5055: result: no
configure:5076: checking whether it is safe to define __EXTENSIONS__
configure:5094: gcc -c -g -O2  conftest.c >&5
configure:5094: $? = 0
configure:5101: result: yes
configure:5165: checking how to print strings
configure:5192: result: printf
configure:5213: checking for a sed that does not truncate output
configure:5277: result: /usr/local/opt/gnu-sed/libexec/gnubin/sed
configure:5295: checking for fgrep
configure:5357: result: /usr/bin/grep -F
configure:5392: checking for ld used by gcc
configure:5459: result: /Library/Developer/CommandLineTools/usr/bin/ld
configure:5466: checking if the linker (/Library/Developer/CommandLineTools/usr/bin/ld) is GNU ld
configure:5481: result: no
configure:5493: checking for BSD- or MS-compatible name lister (nm)
configure:5542: result: nm
configure:5672: checking the name lister (nm) interface
configure:5679: gcc -c -g -O2  conftest.c >&5
configure:5682: nm "conftest.o"
configure:5685: output
0000000000000204 S _some_variable
configure:5692: result: BSD nm
configure:5695: checking whether ln -s works
configure:5699: result: yes
configure:5707: checking the maximum length of command line arguments
configure:5832: result: 196608
configure:5849: checking whether the shell understands some XSI constructs
configure:5859: result: yes
configure:5863: checking whether the shell understands "+="
configure:5869: result: yes
configure:5904: checking for /Library/Developer/CommandLineTools/usr/bin/ld option to reload object files
configure:5911: result: -r
configure:5940: checking for x86_64-apple-darwin18.7.0-objdump
configure:5967: result: objdump
configure:6039: checking how to recognize dependent libraries
configure:6240: result: pass_all
configure:6260: checking for x86_64-apple-darwin18.7.0-ar
configure:6287: result: ar
configure:6365: checking for x86_64-apple-darwin18.7.0-strip
configure:6395: result: no
configure:6405: checking for strip
configure:6421: found /usr/bin/strip
configure:6432: result: strip
configure:6464: checking for x86_64-apple-darwin18.7.0-ranlib
configure:6491: result: ranlib
configure:6633: checking command to parse nm output from gcc object
configure:6751: gcc -c -g -O2  conftest.c >&5
configure:6754: $? = 0
configure:6758: nm conftest.o \| sed -n -e 's/^.*[ ]\([BCDEGRST][BCDEGRST]*\)[ ][ ]*\([_A-Za-z][_A-Za-z0-9]*\)$/\1 \2 \2/p' \> conftest.nm
configure:6761: $? = 0
cannot find nm_test_var in conftest.nm
configure:6751: gcc -c -g -O2  conftest.c >&5
configure:6754: $? = 0
configure:6758: nm conftest.o \| sed -n -e 's/^.*[ ]\([BCDEGRST][BCDEGRST]*\)[ ][ ]*_\([_A-Za-z][_A-Za-z0-9]*\)$/\1 _\2 \2/p' \> conftest.nm
configure:6761: $? = 0
configure:6815: gcc -o conftest -g -O2   -Wl,-no_pie  conftest.c conftstm.o >&5
warning: (x86_64)  could not find object file symbol for symbol _main
configure:6818: $? = 0
configure:6856: result: ok
configure:7093: checking for x86_64-apple-darwin18.7.0-dsymutil
configure:7123: result: no
configure:7133: checking for dsymutil
configure:7149: found /usr/bin/dsymutil
configure:7160: result: dsymutil
configure:7185: checking for x86_64-apple-darwin18.7.0-nmedit
configure:7215: result: no
configure:7225: checking for nmedit
configure:7241: found /usr/bin/nmedit
configure:7252: result: nmedit
configure:7277: checking for x86_64-apple-darwin18.7.0-lipo
configure:7307: result: no
configure:7317: checking for lipo
configure:7333: found /usr/bin/lipo
configure:7344: result: lipo
configure:7369: checking for x86_64-apple-darwin18.7.0-otool
configure:7399: result: no
configure:7409: checking for otool
configure:7425: found /usr/bin/otool
configure:7436: result: otool
configure:7461: checking for x86_64-apple-darwin18.7.0-otool64
configure:7491: result: no
configure:7501: checking for otool64
configure:7531: result: no
configure:7576: checking for -single_module linker flag
gcc -g -O2  -Wl,-no_pie  -o libconftest.dylib -dynamiclib -Wl,-single_module conftest.c
configure:7603: result: yes
configure:7605: checking for -exported_symbols_list linker flag
configure:7625: gcc -o conftest -g -O2   -Wl,-no_pie  -Wl,-exported_symbols_list,conftest.sym conftest.c  >&5
configure:7625: $? = 0
configure:7635: result: yes
configure:7637: checking for -force_load linker flag
gcc -g -O2 -c -o conftest.o conftest.c
ar cru libconftest.a conftest.o
gcc -g -O2  -Wl,-no_pie  -o conftest conftest.c -Wl,-force_load,./libconftest.a
warning: (x86_64)  could not find object file symbol for symbol _forced_loaded
configure:7665: result: no
configure:7704: checking for dlfcn.h
configure:7704: gcc -c -g -O2  conftest.c >&5
configure:7704: $? = 0
configure:7704: result: yes
configure:7891: checking for objdir
configure:7906: result: .libs
configure:8177: checking if gcc supports -fno-rtti -fno-exceptions
configure:8195: gcc -c -g -O2  -fno-rtti -fno-exceptions conftest.c >&5
configure:8199: $? = 0
configure:8212: result: yes
configure:8232: checking for gcc option to produce PIC
configure:8518: result: -fno-common -DPIC
configure:8530: checking if gcc PIC flag -fno-common -DPIC works
configure:8548: gcc -c -g -O2  -fno-common -DPIC -DPIC conftest.c >&5
configure:8552: $? = 0
configure:8565: result: yes
configure:8589: checking if gcc static flag -static works
configure:8617: result: no
configure:8632: checking if gcc supports -c -o file.o
configure:8653: gcc -c -g -O2  -o out/conftest2.o conftest.c >&5
configure:8657: $? = 0
configure:8679: result: yes
configure:8687: checking if gcc supports -c -o file.o
configure:8734: result: yes
configure:8767: checking whether the gcc linker (/Library/Developer/CommandLineTools/usr/bin/ld) supports shared libraries
configure:9838: result: yes
configure:10083: checking dynamic linker characteristics
configure:10756: result: darwin18.7.0 dyld
configure:10863: checking how to hardcode library paths into programs
configure:10888: result: immediate
configure:11428: checking whether stripping libraries is possible
configure:11442: result: yes
configure:11468: checking if libtool supports shared libraries
configure:11470: result: yes
configure:11473: checking whether to build shared libraries
configure:11494: result: yes
configure:11497: checking whether to build static libraries
configure:11501: result: yes
configure:11549: checking for dlfcn.h
configure:11549: result: yes
configure:11562: checking for windows.h
configure:11562: gcc -c -g -O2  conftest.c >&5
conftest.c:63:10: fatal error: 'windows.h' file not found
#include <windows.h>
         ^~~~~~~~~~~
1 error generated.
configure:11562: $? = 1
configure: failed program was:
| /* confdefs.h */
| #define PACKAGE_NAME "gprof"
| #define PACKAGE_TARNAME "gprof"
| #define PACKAGE_VERSION "2.34"
| #define PACKAGE_STRING "gprof 2.34"
| #define PACKAGE_BUGREPORT ""
| #define PACKAGE_URL ""
| #define PACKAGE "gprof"
| #define VERSION "2.34"
| #define STDC_HEADERS 1
| #define HAVE_SYS_TYPES_H 1
| #define HAVE_SYS_STAT_H 1
| #define HAVE_STDLIB_H 1
| #define HAVE_STRING_H 1
| #define HAVE_MEMORY_H 1
| #define HAVE_STRINGS_H 1
| #define HAVE_INTTYPES_H 1
| #define HAVE_STDINT_H 1
| #define HAVE_UNISTD_H 1
| #define __EXTENSIONS__ 1
| #define _ALL_SOURCE 1
| #define _GNU_SOURCE 1
| #define _POSIX_PTHREAD_SEMANTICS 1
| #define _TANDEM_SOURCE 1
| #define HAVE_DLFCN_H 1
| #define LT_OBJDIR ".libs/"
| #define HAVE_DLFCN_H 1
| /* end confdefs.h.  */
| #include <stdio.h>
| #ifdef HAVE_SYS_TYPES_H
| # include <sys/types.h>
| #endif
| #ifdef HAVE_SYS_STAT_H
| # include <sys/stat.h>
| #endif
| #ifdef STDC_HEADERS
| # include <stdlib.h>
| # include <stddef.h>
| #else
| # ifdef HAVE_STDLIB_H
| #  include <stdlib.h>
| # endif
| #endif
| #ifdef HAVE_STRING_H
| # if !defined STDC_HEADERS && defined HAVE_MEMORY_H
| #  include <memory.h>
| # endif
| # include <string.h>
| #endif
| #ifdef HAVE_STRINGS_H
| # include <strings.h>
| #endif
| #ifdef HAVE_INTTYPES_H
| # include <inttypes.h>
| #endif
| #ifdef HAVE_STDINT_H
| # include <stdint.h>
| #endif
| #ifdef HAVE_UNISTD_H
| # include <unistd.h>
| #endif
| 
| #include <windows.h>
configure:11562: result: no
configure:11589: checking for library containing dlsym
configure:11620: gcc -o conftest -g -O2   -Wl,-no_pie  conftest.c  >&5
configure:11620: $? = 0
configure:11637: result: none required
configure:11668: checking for special C compiler options needed for large files
configure:11713: result: no
configure:11719: checking for _FILE_OFFSET_BITS value needed for large files
configure:11744: gcc -c -g -O2  conftest.c >&5
configure:11744: $? = 0
configure:11776: result: no
configure:11865: checking for setmode
configure:11865: gcc -o conftest -g -O2   -Wl,-no_pie  conftest.c  >&5
configure:11865: $? = 0
configure:11865: result: yes
configure:11889: checking whether NLS is requested
configure:11895: result: yes
configure:11901: checking for catalogs to be installed
configure:11933: result:  bg da de eo es fi fr ga hu id it ja ms nl pt_BR ro ru rw sr sv tr uk vi bg da de eo es fi fr ga hu id it ja ms nl pt_BR ro ru rw sr sv tr uk vi
configure:11960: checking whether NLS is requested
configure:11969: result: yes
configure:12007: checking for msgfmt
configure:12041: result: no
configure:12047: checking for gmsgfmt
configure:12078: result: :
configure:12118: checking for xgettext
configure:12152: result: no
configure:12189: checking for msgmerge
configure:12222: result: no
configure:12256: checking whether to enable maintainer-specific portions of Makefiles
configure:12265: result: no
configure:12290: checking sys/gmon_out.h usability
configure:12290: gcc -c -g -O2  conftest.c >&5
conftest.c:64:10: fatal error: 'sys/gmon_out.h' file not found
#include <sys/gmon_out.h>
         ^~~~~~~~~~~~~~~~
1 error generated.
configure:12290: $? = 1
configure: failed program was:
| /* confdefs.h */
| #define PACKAGE_NAME "gprof"
| #define PACKAGE_TARNAME "gprof"
| #define PACKAGE_VERSION "2.34"
| #define PACKAGE_STRING "gprof 2.34"
| #define PACKAGE_BUGREPORT ""
| #define PACKAGE_URL ""
| #define PACKAGE "gprof"
| #define VERSION "2.34"
| #define STDC_HEADERS 1
| #define HAVE_SYS_TYPES_H 1
| #define HAVE_SYS_STAT_H 1
| #define HAVE_STDLIB_H 1
| #define HAVE_STRING_H 1
| #define HAVE_MEMORY_H 1
| #define HAVE_STRINGS_H 1
| #define HAVE_INTTYPES_H 1
| #define HAVE_STDINT_H 1
| #define HAVE_UNISTD_H 1
| #define __EXTENSIONS__ 1
| #define _ALL_SOURCE 1
| #define _GNU_SOURCE 1
| #define _POSIX_PTHREAD_SEMANTICS 1
| #define _TANDEM_SOURCE 1
| #define HAVE_DLFCN_H 1
| #define LT_OBJDIR ".libs/"
| #define HAVE_DLFCN_H 1
| #define HAVE_SETMODE 1
| #define ENABLE_NLS 1
| /* end confdefs.h.  */
| #include <stdio.h>
| #ifdef HAVE_SYS_TYPES_H
| # include <sys/types.h>
| #endif
| #ifdef HAVE_SYS_STAT_H
| # include <sys/stat.h>
| #endif
| #ifdef STDC_HEADERS
| # include <stdlib.h>
| # include <stddef.h>
| #else
| # ifdef HAVE_STDLIB_H
| #  include <stdlib.h>
| # endif
| #endif
| #ifdef HAVE_STRING_H
| # if !defined STDC_HEADERS && defined HAVE_MEMORY_H
| #  include <memory.h>
| # endif
| # include <string.h>
| #endif
| #ifdef HAVE_STRINGS_H
| # include <strings.h>
| #endif
| #ifdef HAVE_INTTYPES_H
| # include <inttypes.h>
| #endif
| #ifdef HAVE_STDINT_H
| # include <stdint.h>
| #endif
| #ifdef HAVE_UNISTD_H
| # include <unistd.h>
| #endif
| #include <sys/gmon_out.h>
configure:12290: result: no
configure:12290: checking sys/gmon_out.h presence
configure:12290: gcc -E  conftest.c
conftest.c:31:10: fatal error: 'sys/gmon_out.h' file not found
#include <sys/gmon_out.h>
         ^~~~~~~~~~~~~~~~
1 error generated.
configure:12290: $? = 1
configure: failed program was:
| /* confdefs.h */
| #define PACKAGE_NAME "gprof"
| #define PACKAGE_TARNAME "gprof"
| #define PACKAGE_VERSION "2.34"
| #define PACKAGE_STRING "gprof 2.34"
| #define PACKAGE_BUGREPORT ""
| #define PACKAGE_URL ""
| #define PACKAGE "gprof"
| #define VERSION "2.34"
| #define STDC_HEADERS 1
| #define HAVE_SYS_TYPES_H 1
| #define HAVE_SYS_STAT_H 1
| #define HAVE_STDLIB_H 1
| #define HAVE_STRING_H 1
| #define HAVE_MEMORY_H 1
| #define HAVE_STRINGS_H 1
| #define HAVE_INTTYPES_H 1
| #define HAVE_STDINT_H 1
| #define HAVE_UNISTD_H 1
| #define __EXTENSIONS__ 1
| #define _ALL_SOURCE 1
| #define _GNU_SOURCE 1
| #define _POSIX_PTHREAD_SEMANTICS 1
| #define _TANDEM_SOURCE 1
| #define HAVE_DLFCN_H 1
| #define LT_OBJDIR ".libs/"
| #define HAVE_DLFCN_H 1
| #define HAVE_SETMODE 1
| #define ENABLE_NLS 1
| /* end confdefs.h.  */
| #include <sys/gmon_out.h>
configure:12290: result: no
configure:12290: checking for sys/gmon_out.h
configure:12290: result: no
configure:12301: checking for a known getopt prototype in unistd.h
configure:12317: gcc -c -g -O2  conftest.c >&5
configure:12317: $? = 0
configure:12325: result: yes
configure:12334: checking for library containing fabs
configure:12365: gcc -o conftest -g -O2   -Wl,-no_pie  conftest.c  >&5
conftest.c:39:6: warning: incompatible redeclaration of library function 'fabs' [-Wincompatible-library-redeclaration]
char fabs ();
     ^
conftest.c:39:6: note: 'fabs' is a builtin with type 'double (double)'
1 warning generated.
configure:12365: $? = 0
configure:12382: result: none required
configure:12616: updating cache ./config.cache
configure:12660: checking that generated files are newer than configure
configure:12666: result: done
configure:12697: creating ./config.status

## ---------------------- ##
## Running config.status. ##
## ---------------------- ##

This file was extended by gprof config.status 2.34, which was
generated by GNU Autoconf 2.69.  Invocation command line was

  CONFIG_FILES    = 
  CONFIG_HEADERS  = 
  CONFIG_LINKS    = 
  CONFIG_COMMANDS = 
  $ ./config.status 

on Neils-MacBook-Pro.local

config.status:1112: creating Makefile
config.status:1112: creating po/Makefile.in
config.status:1112: creating gconfig.h
config.status:1341: executing depfiles commands
config.status:1341: executing libtool commands
config.status:1341: executing default-1 commands

## ---------------- ##
## Cache variables. ##
## ---------------- ##

ac_cv_build=x86_64-apple-darwin18.7.0
ac_cv_c_compiler_gnu=yes
ac_cv_env_CC_set=set
ac_cv_env_CC_value=gcc
ac_cv_env_CFLAGS_set=set
ac_cv_env_CFLAGS_value='-g -O2'
ac_cv_env_CPPFLAGS_set=
ac_cv_env_CPPFLAGS_value=
ac_cv_env_CPP_set=
ac_cv_env_CPP_value=
ac_cv_env_LDFLAGS_set=set
ac_cv_env_LDFLAGS_value=' -Wl,-no_pie '
ac_cv_env_LIBS_set=
ac_cv_env_LIBS_value=
ac_cv_env_build_alias_set=set
ac_cv_env_build_alias_value=x86_64-apple-darwin18.7.0
ac_cv_env_host_alias_set=set
ac_cv_env_host_alias_value=x86_64-apple-darwin18.7.0
ac_cv_env_target_alias_set=set
ac_cv_env_target_alias_value=arm-linux-gnueabihf
ac_cv_func_setmode=yes
ac_cv_header_dlfcn_h=yes
ac_cv_header_inttypes_h=yes
ac_cv_header_memory_h=yes
ac_cv_header_minix_config_h=no
ac_cv_header_stdc=yes
ac_cv_header_stdint_h=yes
ac_cv_header_stdlib_h=yes
ac_cv_header_string_h=yes
ac_cv_header_strings_h=yes
ac_cv_header_sys_gmon_out_h=no
ac_cv_header_sys_stat_h=yes
ac_cv_header_sys_types_h=yes
ac_cv_header_unistd_h=yes
ac_cv_header_windows_h=no
ac_cv_host=x86_64-apple-darwin18.7.0
ac_cv_objext=o
ac_cv_path_EGREP='/usr/bin/grep -E'
ac_cv_path_FGREP='/usr/bin/grep -F'
ac_cv_path_GMSGFMT=:
ac_cv_path_GREP=/usr/bin/grep
ac_cv_path_MSGFMT=:
ac_cv_path_MSGMERGE=:
ac_cv_path_SED=/usr/local/opt/gnu-sed/libexec/gnubin/sed
ac_cv_path_XGETTEXT=:
ac_cv_path_mkdir=/usr/local/bin/gmkdir
ac_cv_prog_AR=ar
ac_cv_prog_AWK=awk
ac_cv_prog_CC=gcc
ac_cv_prog_CPP='gcc -E'
ac_cv_prog_OBJDUMP=objdump
ac_cv_prog_RANLIB=ranlib
ac_cv_prog_ac_ct_DSYMUTIL=dsymutil
ac_cv_prog_ac_ct_LIPO=lipo
ac_cv_prog_ac_ct_NMEDIT=nmedit
ac_cv_prog_ac_ct_OTOOL=otool
ac_cv_prog_ac_ct_STRIP=strip
ac_cv_prog_cc_c89=
ac_cv_prog_cc_g=yes
ac_cv_prog_make__Library_Developer_CommandLineTools_usr_bin_make_set=yes
ac_cv_safe_to_define___extensions__=yes
ac_cv_search_dlsym='none required'
ac_cv_search_fabs='none required'
ac_cv_search_strerror='none required'
ac_cv_sys_file_offset_bits=no
ac_cv_sys_largefile_CC=no
ac_cv_target=arm-unknown-linux-gnueabihf
am_cv_CC_dependencies_compiler_type=gcc3
am_cv_make_support_nested_variables=yes
am_cv_prog_cc_c_o=yes
gprof_cv_decl_getopt_unistd_h=yes
lt_cv_apple_cc_single_mod=yes
lt_cv_deplibs_check_method=pass_all
lt_cv_file_magic_cmd='$MAGIC_CMD'
lt_cv_file_magic_test_file=
lt_cv_ld_exported_symbols_list=yes
lt_cv_ld_force_load=no
lt_cv_ld_reload_flag=-r
lt_cv_nm_interface='BSD nm'
lt_cv_objdir=.libs
lt_cv_path_LD=/Library/Developer/CommandLineTools/usr/bin/ld
lt_cv_path_NM=nm
lt_cv_prog_compiler_c_o=yes
lt_cv_prog_compiler_pic_works=yes
lt_cv_prog_compiler_rtti_exceptions=yes
lt_cv_prog_compiler_static_works=no
lt_cv_prog_gnu_ld=no
lt_cv_sys_global_symbol_pipe='sed -n -e '\''s/^.*[	 ]\([BCDEGRST][BCDEGRST]*\)[	 ][	 ]*_\([_A-Za-z][_A-Za-z0-9]*\)$/\1 _\2 \2/p'\'''
lt_cv_sys_global_symbol_to_c_name_address='sed -n -e '\''s/^: \([^ ]*\) $/  {\"\1\", (void *) 0},/p'\'' -e '\''s/^[BCDEGRST]* \([^ ]*\) \([^ ]*\)$/  {"\2", (void *) \&\2},/p'\'''
lt_cv_sys_global_symbol_to_c_name_address_lib_prefix='sed -n -e '\''s/^: \([^ ]*\) $/  {\"\1\", (void *) 0},/p'\'' -e '\''s/^[BCDEGRST]* \([^ ]*\) \(lib[^ ]*\)$/  {"\2", (void *) \&\2},/p'\'' -e '\''s/^[BCDEGRST]* \([^ ]*\) \([^ ]*\)$/  {"lib\2", (void *) \&\2},/p'\'''
lt_cv_sys_global_symbol_to_cdecl='sed -n -e '\''s/^T .* \(.*\)$/extern int \1();/p'\'' -e '\''s/^[BCDEGRST]* .* \(.*\)$/extern char \1;/p'\'''
lt_cv_sys_max_cmd_len=196608

## ----------------- ##
## Output variables. ##
## ----------------- ##

ACLOCAL='${SHELL} /Users/neilweidinger/Documents/University/HYPED/2020/crosscompiler/binutils-2.34/missing aclocal-1.15'
AMDEPBACKSLASH='\'
AMDEP_FALSE='#'
AMDEP_TRUE=''
AMTAR='$${TAR-tar}'
AM_BACKSLASH='\'
AM_DEFAULT_V='$(AM_DEFAULT_VERBOSITY)'
AM_DEFAULT_VERBOSITY='1'
AM_V='$(V)'
AR='ar'
AUTOCONF='${SHELL} /Users/neilweidinger/Documents/University/HYPED/2020/crosscompiler/binutils-2.34/missing autoconf'
AUTOHEADER='${SHELL} /Users/neilweidinger/Documents/University/HYPED/2020/crosscompiler/binutils-2.34/missing autoheader'
AUTOMAKE='${SHELL} /Users/neilweidinger/Documents/University/HYPED/2020/crosscompiler/binutils-2.34/missing automake-1.15'
AWK='awk'
CATALOGS=' bg.gmo da.gmo de.gmo eo.gmo es.gmo fi.gmo fr.gmo ga.gmo hu.gmo id.gmo it.gmo ja.gmo ms.gmo nl.gmo pt_BR.gmo ro.gmo ru.gmo rw.gmo sr.gmo sv.gmo tr.gmo uk.gmo vi.gmo bg.gmo da.gmo de.gmo eo.gmo es.gmo fi.gmo fr.gmo ga.gmo hu.gmo id.gmo it.gmo ja.gmo ms.gmo nl.gmo pt_BR.gmo ro.gmo ru.gmo rw.gmo sr.gmo sv.gmo tr.gmo uk.gmo vi.gmo'
CATOBJEXT='.gmo'
CC='gcc'
CCDEPMODE='depmode=gcc3'
CFLAGS='-g -O2'
CPP='gcc -E'
CPPFLAGS=''
CYGPATH_W='echo'
DATADIRNAME='share'
DEFS='-DHAVE_CONFIG_H'
DEPDIR='.deps'
DSYMUTIL='dsymutil'
DUMPBIN=''
ECHO_C='\c'
ECHO_N=''
ECHO_T=''
EGREP='/usr/bin/grep -E'
EXEEXT=''
FGREP='/usr/bin/grep -F'
GENCAT='gencat'
GENINSRC_NEVER_FALSE=''
GENINSRC_NEVER_TRUE='#'
GMSGFMT=':'
GREP='/usr/bin/grep'
INCINTL='-I${top_builddir}/../intl'
INSTALL_DATA='/usr/local/bin/ginstall -c -m 644'
INSTALL_PROGRAM='/usr/local/bin/ginstall -c'
INSTALL_SCRIPT='/usr/local/bin/ginstall -c'
INSTALL_STRIP_PROGRAM='$(install_sh) -c -s'
INSTOBJEXT='.mo'
LD='/Library/Developer/CommandLineTools/usr/bin/ld'
LDFLAGS=' -Wl,-no_pie '
LIBINTL='${top_builddir}/../intl/libintl.a -liconv'
LIBINTL_DEP='${top_builddir}/../intl/libintl.a'
LIBOBJS=''
LIBS=''
LIBTOOL='$(SHELL) $(top_builddir)/libtool'
LIPO='lipo'
LN_S='ln -s'
LTLIBOBJS=''
MAINT='#'
MAINTAINER_MODE_FALSE=''
MAINTAINER_MODE_TRUE='#'
MAKEINFO='makeinfo --split-size=5000000'
MKDIR_P='/usr/local/bin/gmkdir -p'
MKINSTALLDIRS='$(top_builddir)/./../mkinstalldirs'
MSGFMT=':'
MSGMERGE=':'
NM='nm'
NMEDIT='nmedit'
NO_WERROR=''
OBJDUMP='objdump'
OBJEXT='o'
OTOOL64=':'
OTOOL='otool'
PACKAGE='gprof'
PACKAGE_BUGREPORT=''
PACKAGE_NAME='gprof'
PACKAGE_STRING='gprof 2.34'
PACKAGE_TARNAME='gprof'
PACKAGE_URL=''
PACKAGE_VERSION='2.34'
PATH_SEPARATOR=':'
POSUB='po'
RANLIB='ranlib'
SED='/usr/local/opt/gnu-sed/libexec/gnubin/sed'
SET_MAKE=''
SHELL='/bin/sh'
STRIP='strip'
USE_NLS='yes'
VERSION='2.34'
WARN_CFLAGS='-W -Wall -Wstrict-prototypes -Wmissing-prototypes -Wshadow'
WARN_CFLAGS_FOR_BUILD='-W -Wall -Wstrict-prototypes -Wmissing-prototypes -Wshadow'
WARN_WRITE_STRINGS='-Wwrite-strings'
XGETTEXT=':'
ac_ct_CC=''
ac_ct_DUMPBIN=''
am__EXEEXT_FALSE=''
am__EXEEXT_TRUE='#'
am__fastdepCC_FALSE='#'
am__fastdepCC_TRUE=''
am__include='include'
am__isrc=''
am__leading_dot='.'
am__nodep='_no'
am__quote=''
am__tar='$${TAR-tar} chof - "$$tardir"'
am__untar='$${TAR-tar} xf -'
bindir='${exec_prefix}/bin'
build='x86_64-apple-darwin18.7.0'
build_alias='x86_64-apple-darwin18.7.0'
build_cpu='x86_64'
build_os='darwin18.7.0'
build_vendor='apple'
datadir='${datarootdir}'
datarootdir='${prefix}/share'
docdir='${datarootdir}/doc/${PACKAGE_TARNAME}'
dvidir='${docdir}'
exec_prefix='${prefix}'
host='x86_64-apple-darwin18.7.0'
host_alias='x86_64-apple-darwin18.7.0'
host_cpu='x86_64'
host_os='darwin18.7.0'
host_vendor='apple'
htmldir='${docdir}'
includedir='${prefix}/include'
infodir='${datarootdir}/info'
install_sh='${SHELL} /Users/neilweidinger/Documents/University/HYPED/2020/crosscompiler/binutils-2.34/install-sh'
libdir='${exec_prefix}/lib'
libexecdir='${exec_prefix}/libexec'
localedir='${datarootdir}/locale'
localstatedir='${prefix}/var'
mandir='${datarootdir}/man'
mkdir_p='$(MKDIR_P)'
oldincludedir='/usr/include'
pdfdir='${docdir}'
prefix='/Users/neilweidinger/Documents/University/HYPED/2020/crosscompiler/prebuilt'
program_transform_name='s&^&arm-linux-gnueabihf-&'
psdir='${docdir}'
sbindir='${exec_prefix}/sbin'
sharedstatedir='${prefix}/com'
sysconfdir='${prefix}/etc'
target='arm-unknown-linux-gnueabihf'
target_alias='arm-linux-gnueabihf'
target_cpu='arm'
target_os='linux-gnueabihf'
target_vendor='unknown'

## ----------- ##
## confdefs.h. ##
## ----------- ##

/* confdefs.h */
#define PACKAGE_NAME "gprof"
#define PACKAGE_TARNAME "gprof"
#define PACKAGE_VERSION "2.34"
#define PACKAGE_STRING "gprof 2.34"
#define PACKAGE_BUGREPORT ""
#define PACKAGE_URL ""
#define PACKAGE "gprof"
#define VERSION "2.34"
#define STDC_HEADERS 1
#define HAVE_SYS_TYPES_H 1
#define HAVE_SYS_STAT_H 1
#define HAVE_STDLIB_H 1
#define HAVE_STRING_H 1
#define HAVE_MEMORY_H 1
#define HAVE_STRINGS_H 1
#define HAVE_INTTYPES_H 1
#define HAVE_STDINT_H 1
#define HAVE_UNISTD_H 1
#define __EXTENSIONS__ 1
#define _ALL_SOURCE 1
#define _GNU_SOURCE 1
#define _POSIX_PTHREAD_SEMANTICS 1
#define _TANDEM_SOURCE 1
#define HAVE_DLFCN_H 1
#define LT_OBJDIR ".libs/"
#define HAVE_DLFCN_H 1
#define HAVE_SETMODE 1
#define ENABLE_NLS 1
#define HAVE_DECL_GETOPT 1

configure: exit 0
