This file contains any messages produced by compilers while
running configure, to aid debugging if configure makes a mistake.

It was created by configure, which was
generated by GNU Autoconf 2.69.  Invocation command line was

  $ ./configure --prefix=/Users/neilweidinger/Documents/University/HYPED/2020/crosscompiler/prebuilt --target=arm-linux-gnueabihf --enable-ld=yes --enable-targets=arm-linux-gnueabihf --enable-multilib --enable-interwork --disable-werror

## --------- ##
## Platform. ##
## --------- ##

hostname = Neils-MacBook-Pro.local
uname -m = x86_64
uname -r = 18.7.0
uname -s = Darwin
uname -v = Darwin Kernel Version 18.7.0: Tue Aug 20 16:57:14 PDT 2019; root:xnu-4903.271.2~2/RELEASE_X86_64

/usr/bin/uname -p = i386
/bin/uname -X     = unknown

/bin/arch              = unknown
/usr/bin/arch -k       = unknown
/usr/convex/getsysinfo = unknown
/usr/bin/hostinfo      = Mach kernel version:
	 Darwin Kernel Version 18.7.0: Tue Aug 20 16:57:14 PDT 2019; root:xnu-4903.271.2~2/RELEASE_X86_64
Kernel configured for up to 4 processors.
2 processors are physically available.
4 processors are logically available.
Processor type: x86_64h (Intel x86-64h Haswell)
Processors active: 0 1 2 3
Primary memory available: 8.00 gigabytes
Default processor set: 390 tasks, 2502 threads, 4 processors
Load average: 2.16, Mach factor: 2.46
/bin/machine           = unknown
/usr/bin/oslevel       = unknown
/bin/universe          = unknown

PATH: /Users/neilweidinger/.jenv/shims
PATH: /Users/neilweidinger/.jenv/shims
PATH: /usr/local/opt/gnu-sed/libexec/gnubin
PATH: /usr/local/bin
PATH: HOME/.jenv/bin
PATH: /usr/local/bin
PATH: /usr/bin
PATH: /bin
PATH: /usr/sbin
PATH: /sbin
PATH: /Library/TeX/texbin
PATH: /opt/X11/bin
PATH: /Applications/Wireshark.app/Contents/MacOS
PATH: /Users/neilweidinger/google-cloud-sdk/bin
PATH: /Users/neilweidinger/.jenv/shims
PATH: /usr/local/opt/gnu-sed/libexec/gnubin
PATH: HOME/.jenv/bin
PATH: /usr/local/nodejs/bin
PATH: /usr/local/sbin
PATH: /usr/local/bin
PATH: /usr/local/nodejs/bin
PATH: /usr/local/sbin


## ----------- ##
## Core tests. ##
## ----------- ##

configure:2394: checking build system type
configure:2408: result: x86_64-apple-darwin18.7.0
configure:2455: checking host system type
configure:2468: result: x86_64-apple-darwin18.7.0
configure:2488: checking target system type
configure:2501: result: arm-unknown-linux-gnueabihf
configure:2555: checking for a BSD-compatible install
configure:2623: result: /usr/local/bin/ginstall -c
configure:2634: checking whether ln works
configure:2656: result: yes
configure:2660: checking whether ln -s works
configure:2664: result: yes
configure:2671: checking for a sed that does not truncate output
configure:2735: result: /usr/local/opt/gnu-sed/libexec/gnubin/sed
configure:2744: checking for gawk
configure:2774: result: no
configure:2744: checking for mawk
configure:2774: result: no
configure:2744: checking for nawk
configure:2774: result: no
configure:2744: checking for awk
configure:2760: found /usr/bin/awk
configure:2771: result: awk
configure:4088: checking for gcc
configure:4104: found /usr/bin/gcc
configure:4115: result: gcc
configure:4344: checking for C compiler version
configure:4353: gcc --version >&5
Apple LLVM version 10.0.1 (clang-1001.0.46.4)
Target: x86_64-apple-darwin18.7.0
Thread model: posix
InstalledDir: /Library/Developer/CommandLineTools/usr/bin
Configured with: --prefix=/Library/Developer/CommandLineTools/usr --with-gxx-include-dir=/Library/Developer/CommandLineTools/SDKs/MacOSX10.14.sdk/usr/include/c++/4.2.1
configure:4364: $? = 0
configure:4353: gcc -v >&5
Configured with: --prefix=/Library/Developer/CommandLineTools/usr --with-gxx-include-dir=/Library/Developer/CommandLineTools/SDKs/MacOSX10.14.sdk/usr/include/c++/4.2.1
Apple LLVM version 10.0.1 (clang-1001.0.46.4)
Target: x86_64-apple-darwin18.7.0
Thread model: posix
InstalledDir: /Library/Developer/CommandLineTools/usr/bin
configure:4364: $? = 0
configure:4353: gcc -V >&5
clang: error: unsupported option '-V -Wno-atomic-implicit-seq-cst'
clang: error: no input files
configure:4364: $? = 1
configure:4353: gcc -qversion >&5
clang: error: unknown argument '-qversion', did you mean '--version'?
clang: error: no input files
configure:4364: $? = 1
configure:4384: checking whether the C compiler works
configure:4406: gcc    conftest.c  >&5
configure:4410: $? = 0
configure:4458: result: yes
configure:4461: checking for C compiler default output file name
configure:4463: result: a.out
configure:4469: checking for suffix of executables
configure:4476: gcc -o conftest    conftest.c  >&5
configure:4480: $? = 0
configure:4502: result: 
configure:4524: checking whether we are cross compiling
configure:4532: gcc -o conftest    conftest.c  >&5
configure:4536: $? = 0
configure:4543: ./conftest
configure:4547: $? = 0
configure:4562: result: no
configure:4567: checking for suffix of object files
configure:4589: gcc -c   conftest.c >&5
configure:4593: $? = 0
configure:4614: result: o
configure:4618: checking whether we are using the GNU C compiler
configure:4637: gcc -c   conftest.c >&5
configure:4637: $? = 0
configure:4646: result: yes
configure:4655: checking whether gcc accepts -g
configure:4675: gcc -c -g  conftest.c >&5
configure:4675: $? = 0
configure:4716: result: yes
configure:4733: checking for gcc option to accept ISO C89
configure:4796: gcc  -c -g -O2  conftest.c >&5
configure:4796: $? = 0
configure:4809: result: none needed
configure:4887: checking for g++
configure:4903: found /usr/bin/g++
configure:4914: result: g++
configure:4941: checking for C++ compiler version
configure:4950: g++ --version >&5
Apple LLVM version 10.0.1 (clang-1001.0.46.4)
Target: x86_64-apple-darwin18.7.0
Thread model: posix
InstalledDir: /Library/Developer/CommandLineTools/usr/bin
Configured with: --prefix=/Library/Developer/CommandLineTools/usr --with-gxx-include-dir=/Library/Developer/CommandLineTools/SDKs/MacOSX10.14.sdk/usr/include/c++/4.2.1
configure:4961: $? = 0
configure:4950: g++ -v >&5
Configured with: --prefix=/Library/Developer/CommandLineTools/usr --with-gxx-include-dir=/Library/Developer/CommandLineTools/SDKs/MacOSX10.14.sdk/usr/include/c++/4.2.1
Apple LLVM version 10.0.1 (clang-1001.0.46.4)
Target: x86_64-apple-darwin18.7.0
Thread model: posix
InstalledDir: /Library/Developer/CommandLineTools/usr/bin
configure:4961: $? = 0
configure:4950: g++ -V >&5
clang: error: unsupported option '-V -Wno-atomic-implicit-seq-cst'
clang: error: no input files
configure:4961: $? = 1
configure:4950: g++ -qversion >&5
clang: error: unknown argument '-qversion', did you mean '--version'?
clang: error: no input files
configure:4961: $? = 1
configure:4965: checking whether we are using the GNU C++ compiler
configure:4984: g++ -c   conftest.cpp >&5
configure:4984: $? = 0
configure:4993: result: yes
configure:5002: checking whether g++ accepts -g
configure:5022: g++ -c -g  conftest.cpp >&5
configure:5022: $? = 0
configure:5063: result: yes
configure:5112: checking whether g++ accepts -static-libstdc++ -static-libgcc
configure:5129: g++ -o conftest -g -O2   -static-libstdc++ -static-libgcc conftest.cpp  >&5
clang: error: unsupported option '-static-libgcc'
configure:5129: $? = 1
configure: failed program was:
| /* confdefs.h */
| #define PACKAGE_NAME ""
| #define PACKAGE_TARNAME ""
| #define PACKAGE_VERSION ""
| #define PACKAGE_STRING ""
| #define PACKAGE_BUGREPORT ""
| #define PACKAGE_URL ""
| /* end confdefs.h.  */
| 
| #if (__GNUC__ < 4) || (__GNUC__ == 4 && __GNUC_MINOR__ < 5)
| #error -static-libstdc++ not implemented
| #endif
| int main() {}
configure:5133: result: no
configure:5194: checking for gnatbind
configure:5224: result: no
configure:5286: checking for gnatmake
configure:5316: result: no
configure:5335: checking whether compiler driver understands Ada
configure:5358: result: no
configure:5367: checking how to compare bootstrapped objects
configure:5392: result: cmp --ignore-initial=16 $$f1 $$f2
configure:5452: checking for objdir
configure:5467: result: .libs
configure:5498: checking whether to use debuginfod
configure:5500: result: auto
configure:5507: checking for debuginfod_begin in -ldebuginfod
configure:5532: gcc -o conftest -g -O2   conftest.c -ldebuginfod   >&5
ld: library not found for -ldebuginfod
clang: error: linker command failed with exit code 1 (use -v to see invocation)
configure:5532: $? = 1
configure: failed program was:
| /* confdefs.h */
| #define PACKAGE_NAME ""
| #define PACKAGE_TARNAME ""
| #define PACKAGE_VERSION ""
| #define PACKAGE_STRING ""
| #define PACKAGE_BUGREPORT ""
| #define PACKAGE_URL ""
| #define LT_OBJDIR ".libs/"
| /* end confdefs.h.  */
| 
| /* Override any GCC internal prototype to avoid an error.
|    Use char because int might match the return type of a GCC
|    builtin and then its argument prototype would still apply.  */
| #ifdef __cplusplus
| extern "C"
| #endif
| char debuginfod_begin ();
| int
| main ()
| {
| return debuginfod_begin ();
|   ;
|   return 0;
| }
configure:5541: result: no
configure:5547: checking whether debuginfod_begin is declared
configure:5547: gcc -c -g -O2  conftest.c >&5
conftest.c:10:10: fatal error: 'elfutils/debuginfod.h' file not found
#include <elfutils/debuginfod.h>
         ^~~~~~~~~~~~~~~~~~~~~~~
1 error generated.
configure:5547: $? = 1
configure: failed program was:
| /* confdefs.h */
| #define PACKAGE_NAME ""
| #define PACKAGE_TARNAME ""
| #define PACKAGE_VERSION ""
| #define PACKAGE_STRING ""
| #define PACKAGE_BUGREPORT ""
| #define PACKAGE_URL ""
| #define LT_OBJDIR ".libs/"
| /* end confdefs.h.  */
| #include <elfutils/debuginfod.h>
| 
| int
| main ()
| {
| #ifndef debuginfod_begin
| #ifdef __cplusplus
|   (void) debuginfod_begin;
| #else
|   (void) debuginfod_begin;
| #endif
| #endif
| 
|   ;
|   return 0;
| }
configure:5547: result: no
configure:5565: WARNING: debuginfod is missing or unusable; some features may be unavailable.
configure:6118: checking for isl 0.15 or later
configure:6131: gcc -o conftest -g -O2      -lisl -lmpc -lmpfr -lgmp conftest.c  -lisl -lgmp >&5
configure:6131: $? = 0
configure:6138: result: yes
configure:7235: checking for default BUILD_CONFIG
configure:7267: result: 
configure:7272: checking for --enable-vtable-verify
configure:7285: result: no
configure:7893: checking for bison
configure:7909: found /usr/bin/bison
configure:7920: result: bison -y
configure:7940: checking for bison
configure:7956: found /usr/bin/bison
configure:7967: result: bison
configure:7987: checking for gm4
configure:8003: found /usr/bin/gm4
configure:8014: result: gm4
configure:8034: checking for flex
configure:8050: found /usr/bin/flex
configure:8061: result: flex
configure:8082: checking for flex
configure:8098: found /usr/bin/flex
configure:8109: result: flex
configure:8129: checking for makeinfo
configure:8145: found /usr/bin/makeinfo
configure:8156: result: makeinfo
configure:8190: checking for expect
configure:8206: found /usr/bin/expect
configure:8217: result: expect
configure:8239: checking for runtest
configure:8269: result: no
configure:8384: checking for ar
configure:8400: found /usr/bin/ar
configure:8411: result: ar
configure:8525: checking for as
configure:8541: found /usr/bin/as
configure:8552: result: as
configure:8666: checking for dlltool
configure:8696: result: no
configure:8726: checking for ld
configure:8753: result: /Library/Developer/CommandLineTools/usr/bin/ld
configure:8948: checking for lipo
configure:8964: found /usr/bin/lipo
configure:8975: result: lipo
configure:9089: checking for nm
configure:9105: found /usr/bin/nm
configure:9116: result: nm
configure:9230: checking for ranlib
configure:9246: found /usr/bin/ranlib
configure:9257: result: ranlib
configure:9366: checking for strip
configure:9382: found /usr/bin/strip
configure:9393: result: strip
configure:9502: checking for windres
configure:9532: result: no
configure:9643: checking for windmc
configure:9673: result: no
configure:9784: checking for objcopy
configure:9814: result: no
configure:9925: checking for objdump
configure:9941: found /usr/bin/objdump
configure:9952: result: objdump
configure:10066: checking for readelf
configure:10096: result: no
configure:10207: checking for arm-linux-gnueabihf-cc
configure:10237: result: no
configure:10207: checking for arm-linux-gnueabihf-gcc
configure:10237: result: no
configure:10368: checking for arm-linux-gnueabihf-c++
configure:10398: result: no
configure:10368: checking for arm-linux-gnueabihf-g++
configure:10398: result: no
configure:10368: checking for arm-linux-gnueabihf-cxx
configure:10398: result: no
configure:10368: checking for arm-linux-gnueabihf-gxx
configure:10398: result: no
configure:10529: checking for arm-linux-gnueabihf-gcc
configure:10559: result: no
configure:10685: checking for arm-linux-gnueabihf-gfortran
configure:10715: result: no
configure:10846: checking for arm-linux-gnueabihf-gccgo
configure:10876: result: no
configure:11087: checking for arm-linux-gnueabihf-ar
configure:11117: result: no
configure:11317: checking for arm-linux-gnueabihf-as
configure:11347: result: no
configure:11547: checking for arm-linux-gnueabihf-dlltool
configure:11577: result: no
configure:11777: checking for arm-linux-gnueabihf-ld
configure:11807: result: no
configure:12007: checking for arm-linux-gnueabihf-lipo
configure:12037: result: no
configure:12237: checking for arm-linux-gnueabihf-nm
configure:12267: result: no
configure:12467: checking for arm-linux-gnueabihf-objcopy
configure:12497: result: no
configure:12697: checking for arm-linux-gnueabihf-objdump
configure:12727: result: no
configure:12927: checking for arm-linux-gnueabihf-ranlib
configure:12957: result: no
configure:13157: checking for arm-linux-gnueabihf-readelf
configure:13187: result: no
configure:13387: checking for arm-linux-gnueabihf-strip
configure:13417: result: no
configure:13617: checking for arm-linux-gnueabihf-windres
configure:13647: result: no
configure:13847: checking for arm-linux-gnueabihf-windmc
configure:13877: result: no
configure:13944: checking where to find the target ar
configure:13967: result: just compiled
configure:13986: checking where to find the target as
configure:14009: result: just compiled
configure:14028: checking where to find the target cc
configure:14065: result: pre-installed
configure:14070: checking where to find the target c++
configure:14110: result: pre-installed
configure:14115: checking where to find the target c++ for libstdc++
configure:14155: result: pre-installed
configure:14160: checking where to find the target dlltool
configure:14183: result: just compiled
configure:14202: checking where to find the target gcc
configure:14239: result: pre-installed
configure:14244: checking where to find the target gfortran
configure:14284: result: pre-installed
configure:14289: checking where to find the target gccgo
configure:14329: result: pre-installed
configure:14334: checking where to find the target ld
configure:14357: result: just compiled
configure:14376: checking where to find the target lipo
configure:14402: result: pre-installed
configure:14407: checking where to find the target nm
configure:14430: result: just compiled
configure:14449: checking where to find the target objcopy
configure:14472: result: just compiled
configure:14491: checking where to find the target objdump
configure:14514: result: just compiled
configure:14533: checking where to find the target ranlib
configure:14556: result: just compiled
configure:14575: checking where to find the target readelf
configure:14598: result: just compiled
configure:14617: checking where to find the target strip
configure:14640: result: just compiled
configure:14659: checking where to find the target windres
configure:14682: result: just compiled
configure:14701: checking where to find the target windmc
configure:14724: result: just compiled
configure:14771: checking whether to enable maintainer-specific portions of Makefiles
configure:14780: result: no
configure:15023: creating ./config.status

## ---------------------- ##
## Running config.status. ##
## ---------------------- ##

This file was extended by config.status, which was
generated by GNU Autoconf 2.69.  Invocation command line was

  CONFIG_FILES    = 
  CONFIG_HEADERS  = 
  CONFIG_LINKS    = 
  CONFIG_COMMANDS = 
  $ ./config.status 

on Neils-MacBook-Pro.local

config.status:979: creating Makefile

## ---------------- ##
## Cache variables. ##
## ---------------- ##

ac_cv_build=x86_64-apple-darwin18.7.0
ac_cv_c_compiler_gnu=yes
ac_cv_cxx_compiler_gnu=yes
ac_cv_env_AR_FOR_TARGET_set=
ac_cv_env_AR_FOR_TARGET_value=
ac_cv_env_AR_set=
ac_cv_env_AR_value=
ac_cv_env_AS_FOR_TARGET_set=
ac_cv_env_AS_FOR_TARGET_value=
ac_cv_env_AS_set=
ac_cv_env_AS_value=
ac_cv_env_CCC_set=
ac_cv_env_CCC_value=
ac_cv_env_CC_FOR_TARGET_set=
ac_cv_env_CC_FOR_TARGET_value=
ac_cv_env_CC_set=
ac_cv_env_CC_value=
ac_cv_env_CFLAGS_set=
ac_cv_env_CFLAGS_value=
ac_cv_env_CPPFLAGS_set=
ac_cv_env_CPPFLAGS_value=
ac_cv_env_CXXFLAGS_set=
ac_cv_env_CXXFLAGS_value=
ac_cv_env_CXX_FOR_TARGET_set=
ac_cv_env_CXX_FOR_TARGET_value=
ac_cv_env_CXX_set=
ac_cv_env_CXX_value=
ac_cv_env_DLLTOOL_FOR_TARGET_set=
ac_cv_env_DLLTOOL_FOR_TARGET_value=
ac_cv_env_DLLTOOL_set=
ac_cv_env_DLLTOOL_value=
ac_cv_env_GCC_FOR_TARGET_set=
ac_cv_env_GCC_FOR_TARGET_value=
ac_cv_env_GFORTRAN_FOR_TARGET_set=
ac_cv_env_GFORTRAN_FOR_TARGET_value=
ac_cv_env_GOC_FOR_TARGET_set=
ac_cv_env_GOC_FOR_TARGET_value=
ac_cv_env_LDFLAGS_set=
ac_cv_env_LDFLAGS_value=
ac_cv_env_LD_FOR_TARGET_set=
ac_cv_env_LD_FOR_TARGET_value=
ac_cv_env_LD_set=
ac_cv_env_LD_value=
ac_cv_env_LIBS_set=
ac_cv_env_LIBS_value=
ac_cv_env_LIPO_FOR_TARGET_set=
ac_cv_env_LIPO_FOR_TARGET_value=
ac_cv_env_LIPO_set=
ac_cv_env_LIPO_value=
ac_cv_env_NM_FOR_TARGET_set=
ac_cv_env_NM_FOR_TARGET_value=
ac_cv_env_NM_set=
ac_cv_env_NM_value=
ac_cv_env_OBJCOPY_FOR_TARGET_set=
ac_cv_env_OBJCOPY_FOR_TARGET_value=
ac_cv_env_OBJCOPY_set=
ac_cv_env_OBJCOPY_value=
ac_cv_env_OBJDUMP_FOR_TARGET_set=
ac_cv_env_OBJDUMP_FOR_TARGET_value=
ac_cv_env_OBJDUMP_set=
ac_cv_env_OBJDUMP_value=
ac_cv_env_RANLIB_FOR_TARGET_set=
ac_cv_env_RANLIB_FOR_TARGET_value=
ac_cv_env_RANLIB_set=
ac_cv_env_RANLIB_value=
ac_cv_env_READELF_FOR_TARGET_set=
ac_cv_env_READELF_FOR_TARGET_value=
ac_cv_env_READELF_set=
ac_cv_env_READELF_value=
ac_cv_env_STRIP_FOR_TARGET_set=
ac_cv_env_STRIP_FOR_TARGET_value=
ac_cv_env_STRIP_set=
ac_cv_env_STRIP_value=
ac_cv_env_WINDMC_FOR_TARGET_set=
ac_cv_env_WINDMC_FOR_TARGET_value=
ac_cv_env_WINDMC_set=
ac_cv_env_WINDMC_value=
ac_cv_env_WINDRES_FOR_TARGET_set=
ac_cv_env_WINDRES_FOR_TARGET_value=
ac_cv_env_WINDRES_set=
ac_cv_env_WINDRES_value=
ac_cv_env_build_alias_set=
ac_cv_env_build_alias_value=
ac_cv_env_build_configargs_set=
ac_cv_env_build_configargs_value=
ac_cv_env_host_alias_set=
ac_cv_env_host_alias_value=
ac_cv_env_host_configargs_set=
ac_cv_env_host_configargs_value=
ac_cv_env_target_alias_set=set
ac_cv_env_target_alias_value=arm-linux-gnueabihf
ac_cv_env_target_configargs_set=
ac_cv_env_target_configargs_value=
ac_cv_have_decl_debuginfod_begin=no
ac_cv_host=x86_64-apple-darwin18.7.0
ac_cv_lib_debuginfod_debuginfod_begin=no
ac_cv_objext=o
ac_cv_path_SED=/usr/local/opt/gnu-sed/libexec/gnubin/sed
ac_cv_path_install='/usr/local/bin/ginstall -c'
ac_cv_prog_AR=ar
ac_cv_prog_AS=as
ac_cv_prog_AWK=awk
ac_cv_prog_BISON=bison
ac_cv_prog_EXPECT=expect
ac_cv_prog_FLEX=flex
ac_cv_prog_LD=/Library/Developer/CommandLineTools/usr/bin/ld
ac_cv_prog_LEX=flex
ac_cv_prog_LIPO=lipo
ac_cv_prog_M4=gm4
ac_cv_prog_MAKEINFO=makeinfo
ac_cv_prog_NM=nm
ac_cv_prog_OBJDUMP=objdump
ac_cv_prog_RANLIB=ranlib
ac_cv_prog_STRIP=strip
ac_cv_prog_YACC='bison -y'
ac_cv_prog_ac_ct_CC=gcc
ac_cv_prog_ac_ct_CXX=g++
ac_cv_prog_cc_c89=
ac_cv_prog_cc_g=yes
ac_cv_prog_cxx_g=yes
ac_cv_target=arm-unknown-linux-gnueabihf
acx_cv_cc_gcc_supports_ada=no
acx_cv_prog_LN=ln
gcc_cv_isl=yes
gcc_cv_prog_cmp_skip='cmp --ignore-initial=16 $$f1 $$f2'
gcc_cv_tool_dirs=
gcc_cv_tool_prefix=/Users/neilweidinger/Documents/University/HYPED/2020/crosscompiler/prebuilt
lt_cv_objdir=.libs

## ----------------- ##
## Output variables. ##
## ----------------- ##

AR='ar'
AR_FOR_BUILD='$(AR)'
AR_FOR_TARGET='$$r/$(HOST_SUBDIR)/binutils/ar'
AS='as'
AS_FOR_BUILD='$(AS)'
AS_FOR_TARGET='$$r/$(HOST_SUBDIR)/gas/as-new'
AWK='awk'
BISON='bison'
BUILD_CONFIG=''
CC='gcc'
CC_FOR_BUILD='$(CC)'
CC_FOR_TARGET='arm-linux-gnueabihf-cc'
CFLAGS='-g -O2'
CFLAGS_FOR_BUILD='-g -O2'
CFLAGS_FOR_TARGET='-g -O2'
COMPILER_AS_FOR_TARGET='$(AS_FOR_TARGET)'
COMPILER_LD_FOR_TARGET='$(LD_FOR_TARGET)'
COMPILER_NM_FOR_TARGET='$(NM_FOR_TARGET)'
CONFIGURE_GDB_TK=''
CPPFLAGS=''
CXX='g++'
CXXFLAGS='-g -O2'
CXXFLAGS_FOR_BUILD='-g -O2'
CXXFLAGS_FOR_TARGET='-g -O2'
CXX_FOR_BUILD='$(CXX)'
CXX_FOR_TARGET='arm-linux-gnueabihf-c++'
DEBUG_PREFIX_CFLAGS_FOR_TARGET=''
DEFS='-DPACKAGE_NAME=\"\" -DPACKAGE_TARNAME=\"\" -DPACKAGE_VERSION=\"\" -DPACKAGE_STRING=\"\" -DPACKAGE_BUGREPORT=\"\" -DPACKAGE_URL=\"\" -DLT_OBJDIR=\".libs/\"'
DLLTOOL='dlltool'
DLLTOOL_FOR_BUILD='$(DLLTOOL)'
DLLTOOL_FOR_TARGET='$$r/$(HOST_SUBDIR)/binutils/dlltool'
ECHO_C='\c'
ECHO_N=''
ECHO_T=''
EXEEXT=''
EXPECT='expect'
FLAGS_FOR_TARGET=' -L$$r/$(HOST_SUBDIR)/ld'
FLEX='flex'
GCC_FOR_TARGET='arm-linux-gnueabihf-gcc'
GCC_SHLIB_SUBDIR=''
GDB_TK=''
GFORTRAN_FOR_BUILD='$(GFORTRAN)'
GFORTRAN_FOR_TARGET='arm-linux-gnueabihf-gfortran'
GNATBIND='no'
GNATMAKE='no'
GOC_FOR_BUILD='$(GOC)'
GOC_FOR_TARGET='arm-linux-gnueabihf-gccgo'
INSTALL_DATA='${INSTALL} -m 644'
INSTALL_GDB_TK=''
INSTALL_PROGRAM='${INSTALL}'
INSTALL_SCRIPT='${INSTALL}'
LD='/Library/Developer/CommandLineTools/usr/bin/ld'
LDFLAGS=''
LDFLAGS_FOR_BUILD=''
LDFLAGS_FOR_TARGET=''
LD_FOR_BUILD='$(LD)'
LD_FOR_TARGET='$$r/$(HOST_SUBDIR)/ld/ld-new'
LEX='flex'
LIBDEBUGINFOD=''
LIBOBJS=''
LIBS=''
LIPO='lipo'
LIPO_FOR_TARGET='arm-linux-gnueabihf-lipo'
LN='ln'
LN_S='ln -s'
LTLIBOBJS=''
M4='gm4'
MAINT='#'
MAINTAINER_MODE_FALSE=''
MAINTAINER_MODE_TRUE='#'
MAKEINFO='makeinfo'
NM='nm'
NM_FOR_BUILD='$(NM)'
NM_FOR_TARGET='$$r/$(HOST_SUBDIR)/binutils/nm-new'
OBJCOPY='objcopy'
OBJCOPY_FOR_TARGET='$$r/$(HOST_SUBDIR)/binutils/objcopy'
OBJDUMP='objdump'
OBJDUMP_FOR_TARGET='$$r/$(HOST_SUBDIR)/binutils/objdump'
OBJEXT='o'
PACKAGE_BUGREPORT=''
PACKAGE_NAME=''
PACKAGE_STRING=''
PACKAGE_TARNAME=''
PACKAGE_URL=''
PACKAGE_VERSION=''
PATH_SEPARATOR=':'
RANLIB='ranlib'
RANLIB_FOR_BUILD='$(RANLIB)'
RANLIB_FOR_TARGET='$$r/$(HOST_SUBDIR)/binutils/ranlib'
RAW_CXX_FOR_TARGET='arm-linux-gnueabihf-c++'
READELF='readelf'
READELF_FOR_TARGET='$$r/$(HOST_SUBDIR)/binutils/readelf'
RPATH_ENVVAR='DYLD_LIBRARY_PATH'
RUNTEST='runtest'
SED='/usr/local/opt/gnu-sed/libexec/gnubin/sed'
SHELL='/bin/sh'
STRIP='strip'
STRIP_FOR_TARGET='$$r/$(HOST_SUBDIR)/binutils/strip-new'
SYSROOT_CFLAGS_FOR_TARGET=''
TOPLEVEL_CONFIGURE_ARGUMENTS='./configure --prefix=/Users/neilweidinger/Documents/University/HYPED/2020/crosscompiler/prebuilt --target=arm-linux-gnueabihf --enable-ld=yes --enable-targets=arm-linux-gnueabihf --enable-multilib --enable-interwork --disable-werror'
WINDMC='windmc'
WINDMC_FOR_BUILD='$(WINDMC)'
WINDMC_FOR_TARGET='$$r/$(HOST_SUBDIR)/binutils/windmc'
WINDRES='windres'
WINDRES_FOR_BUILD='$(WINDRES)'
WINDRES_FOR_TARGET='$$r/$(HOST_SUBDIR)/binutils/windres'
YACC='bison -y'
ac_ct_CC='gcc'
ac_ct_CXX='g++'
bindir='${exec_prefix}/bin'
build='x86_64-apple-darwin18.7.0'
build_alias=''
build_configargs=' --cache-file=./config.cache '\''--prefix=/Users/neilweidinger/Documents/University/HYPED/2020/crosscompiler/prebuilt'\'' '\''--enable-ld=yes'\'' '\''--enable-targets=arm-linux-gnueabihf'\'' '\''--enable-multilib'\'' '\''--enable-interwork'\'' '\''--disable-werror'\'' --program-transform-name='\''s&^&arm-linux-gnueabihf-&'\'' --disable-option-checking'
build_configdirs=' libiberty'
build_cpu='x86_64'
build_libsubdir='build-x86_64-apple-darwin18.7.0'
build_noncanonical='x86_64-apple-darwin18.7.0'
build_os='darwin18.7.0'
build_subdir='build-x86_64-apple-darwin18.7.0'
build_tooldir='${exec_prefix}/arm-linux-gnueabihf'
build_vendor='apple'
compare_exclusions='gcc/cc*-checksum$(objext) | gcc/ada/*tools/*'
configdirs=' intl libiberty opcodes bfd zlib libctf binutils gas ld gprof etc'
datadir='${datarootdir}'
datarootdir='${prefix}/share'
do_compare='cmp --ignore-initial=16 $$f1 $$f2'
docdir='${datarootdir}/doc/${PACKAGE}'
dvidir='${docdir}'
exec_prefix='${prefix}'
extra_host_libiberty_configure_flags=''
extra_host_zlib_configure_flags=''
extra_isl_gmp_configure_flags=''
extra_liboffloadmic_configure_flags=''
extra_linker_plugin_configure_flags=''
extra_linker_plugin_flags=''
extra_mpc_gmp_configure_flags=''
extra_mpc_mpfr_configure_flags=''
extra_mpfr_configure_flags=''
get_gcc_base_ver='cat'
gmpinc=''
gmplibs='-lmpc -lmpfr -lgmp'
host='x86_64-apple-darwin18.7.0'
host_alias=''
host_configargs=' --cache-file=./config.cache  --with-gnu-as --with-gnu-ld '\''--prefix=/Users/neilweidinger/Documents/University/HYPED/2020/crosscompiler/prebuilt'\'' '\''--enable-ld=yes'\'' '\''--enable-targets=arm-linux-gnueabihf'\'' '\''--enable-multilib'\'' '\''--enable-interwork'\'' '\''--disable-werror'\'' --program-transform-name='\''s&^&arm-linux-gnueabihf-&'\'' --disable-option-checking'
host_cpu='x86_64'
host_noncanonical='x86_64-apple-darwin18.7.0'
host_os='darwin18.7.0'
host_shared='no'
host_subdir='.'
host_vendor='apple'
htmldir='${docdir}'
includedir='${prefix}/include'
infodir='${datarootdir}/info'
islinc=''
isllibs=' -lisl'
libdir='${exec_prefix}/lib'
libexecdir='${exec_prefix}/libexec'
localedir='${datarootdir}/locale'
localstatedir='${prefix}/var'
mandir='${datarootdir}/man'
oldincludedir='/usr/include'
pdfdir='${docdir}'
poststage1_ldflags='-static-libstdc++ -static-libgcc'
poststage1_libs=''
prefix='/Users/neilweidinger/Documents/University/HYPED/2020/crosscompiler/prebuilt'
program_transform_name='s&^&arm-linux-gnueabihf-&'
psdir='${docdir}'
sbindir='${exec_prefix}/sbin'
sharedstatedir='${prefix}/com'
stage1_cflags='-g'
stage1_checking='--enable-checking=yes,types'
stage1_languages=',c,'
stage1_ldflags=''
stage1_libs=''
stage2_werror_flag=''
sysconfdir='${prefix}/etc'
target='arm-unknown-linux-gnueabihf'
target_alias='arm-linux-gnueabihf'
target_configargs='--cache-file=./config.cache --with-cross-host=x86_64-apple-darwin18.7.0   '\''--prefix=/Users/neilweidinger/Documents/University/HYPED/2020/crosscompiler/prebuilt'\'' '\''--enable-ld=yes'\'' '\''--enable-targets=arm-linux-gnueabihf'\'' '\''--enable-multilib'\'' '\''--enable-interwork'\'' '\''--disable-werror'\'' --program-transform-name='\''s&^&arm-linux-gnueabihf-&'\'' --disable-option-checking'
target_configdirs=''
target_cpu='arm'
target_noncanonical='arm-linux-gnueabihf'
target_os='linux-gnueabihf'
target_subdir='arm-linux-gnueabihf'
target_vendor='unknown'
tooldir='${exec_prefix}/arm-linux-gnueabihf'

## ------------------- ##
## File substitutions. ##
## ------------------- ##

alphaieee_frag='/dev/null'
host_makefile_frag='./config/mh-darwin'
ospace_frag='/dev/null'
serialization_dependencies='serdep.tmp'
target_makefile_frag='./config/mt-gnu'

## ----------- ##
## confdefs.h. ##
## ----------- ##

/* confdefs.h */
#define PACKAGE_NAME ""
#define PACKAGE_TARNAME ""
#define PACKAGE_VERSION ""
#define PACKAGE_STRING ""
#define PACKAGE_BUGREPORT ""
#define PACKAGE_URL ""
#define LT_OBJDIR ".libs/"

configure: exit 0
