This file contains any messages produced by compilers while
running configure, to aid debugging if configure makes a mistake.

It was created by configure, which was
generated by GNU Autoconf 2.69.  Invocation command line was

  $ /Users/neilweidinger/Documents/University/HYPED/2020/crosscompiler/binutils-2.34/etc/configure --srcdir=.././etc --cache-file=./config.cache --with-gnu-as --with-gnu-ld --prefix=/Users/neilweidinger/Documents/University/HYPED/2020/crosscompiler/prebuilt --enable-ld=yes --enable-targets=arm-linux-gnueabihf --enable-multilib --enable-interwork --disable-werror --program-transform-name=s&^&arm-linux-gnueabihf-& --disable-option-checking --build=x86_64-apple-darwin18.7.0 --host=x86_64-apple-darwin18.7.0 --target=arm-linux-gnueabihf

## --------- ##
## Platform. ##
## --------- ##

hostname = Neils-MacBook-Pro.local
uname -m = x86_64
uname -r = 18.7.0
uname -s = Darwin
uname -v = Darwin Kernel Version 18.7.0: Tue Aug 20 16:57:14 PDT 2019; root:xnu-4903.271.2~2/RELEASE_X86_64

/usr/bin/uname -p = i386
/bin/uname -X     = unknown

/bin/arch              = unknown
/usr/bin/arch -k       = unknown
/usr/convex/getsysinfo = unknown
/usr/bin/hostinfo      = Mach kernel version:
	 Darwin Kernel Version 18.7.0: Tue Aug 20 16:57:14 PDT 2019; root:xnu-4903.271.2~2/RELEASE_X86_64
Kernel configured for up to 4 processors.
2 processors are physically available.
4 processors are logically available.
Processor type: x86_64h (Intel x86-64h Haswell)
Processors active: 0 1 2 3
Primary memory available: 8.00 gigabytes
Default processor set: 395 tasks, 2414 threads, 4 processors
Load average: 3.02, Mach factor: 1.24
/bin/machine           = unknown
/usr/bin/oslevel       = unknown
/bin/universe          = unknown

PATH: /Users/neilweidinger/.jenv/shims
PATH: /Users/neilweidinger/.jenv/shims
PATH: /usr/local/opt/gnu-sed/libexec/gnubin
PATH: /usr/local/bin
PATH: HOME/.jenv/bin
PATH: /usr/local/bin
PATH: /usr/bin
PATH: /bin
PATH: /usr/sbin
PATH: /sbin
PATH: /Library/TeX/texbin
PATH: /opt/X11/bin
PATH: /Applications/Wireshark.app/Contents/MacOS
PATH: /Users/neilweidinger/google-cloud-sdk/bin
PATH: /Users/neilweidinger/.jenv/shims
PATH: /usr/local/opt/gnu-sed/libexec/gnubin
PATH: HOME/.jenv/bin
PATH: /usr/local/nodejs/bin
PATH: /usr/local/sbin
PATH: /usr/local/bin
PATH: /usr/local/nodejs/bin
PATH: /usr/local/sbin


## ----------- ##
## Core tests. ##
## ----------- ##

configure:1603: creating cache ./config.cache
configure:1720: checking for a BSD-compatible install
configure:1788: result: /usr/local/bin/ginstall -c
configure:1887: updating cache ./config.cache
configure:1972: creating ./config.status

## ---------------------- ##
## Running config.status. ##
## ---------------------- ##

This file was extended by config.status, which was
generated by GNU Autoconf 2.69.  Invocation command line was

  CONFIG_FILES    = 
  CONFIG_HEADERS  = 
  CONFIG_LINKS    = 
  CONFIG_COMMANDS = 
  $ ./config.status 

on Neils-MacBook-Pro.local

config.status:716: creating Makefile

## ---------------- ##
## Cache variables. ##
## ---------------- ##

ac_cv_env_build_alias_set=set
ac_cv_env_build_alias_value=x86_64-apple-darwin18.7.0
ac_cv_env_host_alias_set=set
ac_cv_env_host_alias_value=x86_64-apple-darwin18.7.0
ac_cv_env_target_alias_set=set
ac_cv_env_target_alias_value=arm-linux-gnueabihf

## ----------------- ##
## Output variables. ##
## ----------------- ##

DEFS='-DPACKAGE_NAME=\"\" -DPACKAGE_TARNAME=\"\" -DPACKAGE_VERSION=\"\" -DPACKAGE_STRING=\"\" -DPACKAGE_BUGREPORT=\"\" -DPACKAGE_URL=\"\"'
ECHO_C='\c'
ECHO_N=''
ECHO_T=''
INSTALL_DATA='/usr/local/bin/ginstall -c -m 644'
INSTALL_PROGRAM='/usr/local/bin/ginstall -c'
INSTALL_SCRIPT='/usr/local/bin/ginstall -c'
LIBOBJS=''
LIBS=''
LTLIBOBJS=''
MAINT='#'
PACKAGE_BUGREPORT=''
PACKAGE_NAME=''
PACKAGE_STRING=''
PACKAGE_TARNAME=''
PACKAGE_URL=''
PACKAGE_VERSION=''
PATH_SEPARATOR=':'
SHELL='/bin/sh'
bindir='${exec_prefix}/bin'
build_alias='x86_64-apple-darwin18.7.0'
datadir='${datarootdir}'
datarootdir='${prefix}/share'
docdir='${datarootdir}/doc/${PACKAGE}'
dvidir='${docdir}'
exec_prefix='${prefix}'
host_alias='x86_64-apple-darwin18.7.0'
htmldir='${docdir}'
includedir='${prefix}/include'
infodir='${datarootdir}/info'
libdir='${exec_prefix}/lib'
libexecdir='${exec_prefix}/libexec'
localedir='${datarootdir}/locale'
localstatedir='${prefix}/var'
mandir='${datarootdir}/man'
oldincludedir='/usr/include'
pdfdir='${docdir}'
prefix='/Users/neilweidinger/Documents/University/HYPED/2020/crosscompiler/prebuilt'
program_transform_name='s&^&arm-linux-gnueabihf-&'
psdir='${docdir}'
sbindir='${exec_prefix}/sbin'
sharedstatedir='${prefix}/com'
sysconfdir='${prefix}/etc'
target_alias='arm-linux-gnueabihf'

## ----------- ##
## confdefs.h. ##
## ----------- ##

/* confdefs.h */
#define PACKAGE_NAME ""
#define PACKAGE_TARNAME ""
#define PACKAGE_VERSION ""
#define PACKAGE_STRING ""
#define PACKAGE_BUGREPORT ""
#define PACKAGE_URL ""

configure: exit 0
